<component name="libraryTable">
  <library name="junit-4.13.1">
    <CLASSES>
      <root url="jar://$MAVEN_REPOSITORY$/junit/junit/4.13.1/junit-4.13.1.jar!/" />
      <root url="file://$PROJECT_DIR$/../../../JavaFx SDK/javafx-sdk-21.0.1/lib" />
    </CLASSES>
    <JAVADOC />
    <SOURCES />
    <jarDirectory url="file://$PROJECT_DIR$/../../../JavaFx SDK/javafx-sdk-21.0.1/lib" recursive="false" />
  </library>
</component>